<?xml version="1.0" encoding="UTF-8"?>
<!-- Generated by org.testng.reporters.JUnitReportReporter -->
<testsuite skipped="0" hostname="DESKTOP-SHHF3U7" name="tests.TestInventory" tests="3" failures="0" timestamp="22 jun 2019 10:35:32 GMT" time="41.223" errors="0">
  <testcase name="buyOneItem" time="21.720" classname="tests.TestInventory"/>
  <testcase name="buySeveralItems" time="12.778" classname="tests.TestInventory"/>
  <testcase name="pageTitle" time="6.725" classname="tests.TestInventory"/>
</testsuite> <!-- tests.TestInventory -->
