<?xml version="1.0" encoding="UTF-8"?>
<!-- Generated by org.testng.reporters.JUnitReportReporter -->
<testsuite skipped="0" hostname="DESKTOP-SHHF3U7" name="general.ItemsToBuy" tests="1" failures="0" timestamp="19 jun 2019 10:07:13 GMT" time="10.293" errors="0">
  <testcase name="buy1Item" time="10.293" classname="general.ItemsToBuy"/>
</testsuite> <!-- general.ItemsToBuy -->
