<?xml version="1.0" encoding="UTF-8"?>
<!-- Generated by org.testng.reporters.JUnitReportReporter -->
<testsuite skipped="0" hostname="DESKTOP-SHHF3U7" name="tests.TestLogin" tests="4" failures="0" timestamp="22 jun 2019 10:35:32 GMT" time="37.895" errors="0">
  <testcase name="incorrectUser" time="9.435" classname="tests.TestLogin"/>
  <testcase name="incorrectPsw" time="7.840" classname="tests.TestLogin"/>
  <testcase name="correctUser" time="12.977" classname="tests.TestLogin"/>
  <testcase name="pageTitle" time="7.643" classname="tests.TestLogin"/>
</testsuite> <!-- tests.TestLogin -->
