<?xml version="1.0" encoding="UTF-8"?>
<!-- Generated by org.testng.reporters.JUnitReportReporter -->
<testsuite skipped="0" hostname="DESKTOP-SHHF3U7" name="tests.Test1" tests="4" failures="0" timestamp="19 jun 2019 19:30:06 GMT" time="48.949" errors="0">
  <testcase name="incorrectPsw" time="7.176" classname="tests.Test1"/>
  <testcase name="correctUser" time="17.923" classname="tests.Test1"/>
  <testcase name="incorrectUser" time="13.673" classname="tests.Test1"/>
  <testcase name="pageTitle" time="10.177" classname="tests.Test1"/>
</testsuite> <!-- tests.Test1 -->
